

Started GET "/" for ::1 at 2015-03-05 14:27:37 -0600
Processing by Rails::WelcomeController#index as HTML
  Rendered /Users/santiago/.rbenv/versions/2.1.5/lib/ruby/gems/2.1.0/gems/railties-4.2.0/lib/rails/templates/rails/welcome/index.html.erb (3.0ms)
Completed 200 OK in 41ms (Views: 19.3ms | ActiveRecord: 0.0ms)


Started GET "/assets/ico/favicon.png" for ::1 at 2015-03-05 14:40:16 -0600

ActionController::RoutingError (No route matches [GET] "/assets/ico/favicon.png"):
  actionpack (4.2.0) lib/action_dispatch/middleware/debug_exceptions.rb:21:in `call'
  web-console (2.1.1) lib/web_console/middleware.rb:37:in `call'
  actionpack (4.2.0) lib/action_dispatch/middleware/show_exceptions.rb:30:in `call'
  railties (4.2.0) lib/rails/rack/logger.rb:38:in `call_app'
  railties (4.2.0) lib/rails/rack/logger.rb:20:in `block in call'
  activesupport (4.2.0) lib/active_support/tagged_logging.rb:68:in `block in tagged'
  activesupport (4.2.0) lib/active_support/tagged_logging.rb:26:in `tagged'
  activesupport (4.2.0) lib/active_support/tagged_logging.rb:68:in `tagged'
  railties (4.2.0) lib/rails/rack/logger.rb:20:in `call'
  actionpack (4.2.0) lib/action_dispatch/middleware/request_id.rb:21:in `call'
  rack (1.6.0) lib/rack/methodoverride.rb:22:in `call'
  rack (1.6.0) lib/rack/runtime.rb:18:in `call'
  activesupport (4.2.0) lib/active_support/cache/strategy/local_cache_middleware.rb:28:in `call'
  rack (1.6.0) lib/rack/lock.rb:17:in `call'
  actionpack (4.2.0) lib/action_dispatch/middleware/static.rb:113:in `call'
  rack (1.6.0) lib/rack/sendfile.rb:113:in `call'
  railties (4.2.0) lib/rails/engine.rb:518:in `call'
  railties (4.2.0) lib/rails/application.rb:164:in `call'
  rack (1.6.0) lib/rack/lock.rb:17:in `call'
  rack (1.6.0) lib/rack/content_length.rb:15:in `call'
  rack (1.6.0) lib/rack/handler/webrick.rb:89:in `service'
  /Users/santiago/.rbenv/versions/2.1.5/lib/ruby/2.1.0/webrick/httpserver.rb:138:in `service'
  /Users/santiago/.rbenv/versions/2.1.5/lib/ruby/2.1.0/webrick/httpserver.rb:94:in `run'
  /Users/santiago/.rbenv/versions/2.1.5/lib/ruby/2.1.0/webrick/server.rb:295:in `block in start_thread'


  Rendered /Users/santiago/.rbenv/versions/2.1.5/lib/ruby/gems/2.1.0/gems/actionpack-4.2.0/lib/action_dispatch/middleware/templates/rescues/_trace.html.erb (2.6ms)
  Rendered /Users/santiago/.rbenv/versions/2.1.5/lib/ruby/gems/2.1.0/gems/actionpack-4.2.0/lib/action_dispatch/middleware/templates/routes/_table.html.erb (30.8ms)
  Rendered /Users/santiago/.rbenv/versions/2.1.5/lib/ruby/gems/2.1.0/gems/actionpack-4.2.0/lib/action_dispatch/middleware/templates/rescues/_request_and_response.html.erb (33.1ms)
  Rendered /Users/santiago/.rbenv/versions/2.1.5/lib/ruby/gems/2.1.0/gems/actionpack-4.2.0/lib/action_dispatch/middleware/templates/rescues/routing_error.html.erb within rescues/layout (142.2ms)
  Rendered /Users/santiago/.rbenv/versions/2.1.5/lib/ruby/gems/2.1.0/gems/web-console-2.1.1/lib/web_console/templates/_markup.html (0.5ms)
  Rendered /Users/santiago/.rbenv/versions/2.1.5/lib/ruby/gems/2.1.0/gems/web-console-2.1.1/lib/web_console/templates/style.css within layouts/inlined_string (7.3ms)
  Rendered /Users/santiago/.rbenv/versions/2.1.5/lib/ruby/gems/2.1.0/gems/web-console-2.1.1/lib/web_console/templates/_inner_console_markup.html within layouts/inlined_string (0.5ms)
  Rendered /Users/santiago/.rbenv/versions/2.1.5/lib/ruby/gems/2.1.0/gems/web-console-2.1.1/lib/web_console/templates/_prompt_box_markup.html within layouts/inlined_string (0.7ms)
  Rendered /Users/santiago/.rbenv/versions/2.1.5/lib/ruby/gems/2.1.0/gems/web-console-2.1.1/lib/web_console/templates/console.js within layouts/javascript (87.6ms)
  Rendered /Users/santiago/.rbenv/versions/2.1.5/lib/ruby/gems/2.1.0/gems/web-console-2.1.1/lib/web_console/templates/main.js within layouts/javascript (0.5ms)
  Rendered /Users/santiago/.rbenv/versions/2.1.5/lib/ruby/gems/2.1.0/gems/web-console-2.1.1/lib/web_console/templates/error_page.js within layouts/javascript (0.8ms)
  Rendered /Users/santiago/.rbenv/versions/2.1.5/lib/ruby/gems/2.1.0/gems/web-console-2.1.1/lib/web_console/templates/index.html (187.6ms)


Started GET "/home" for ::1 at 2015-03-05 15:02:26 -0600

SyntaxError (/Users/santiago/GitHub/CiudadaniaColectiva/config/routes.rb:58: syntax error, unexpected keyword_end, expecting end-of-input):
  config/routes.rb:58: syntax error, unexpected keyword_end, expecting end-of-input


  Rendered /Users/santiago/.rbenv/versions/2.1.5/lib/ruby/gems/2.1.0/gems/actionpack-4.2.0/lib/action_dispatch/middleware/templates/rescues/_source.erb (19.2ms)
  Rendered /Users/santiago/.rbenv/versions/2.1.5/lib/ruby/gems/2.1.0/gems/actionpack-4.2.0/lib/action_dispatch/middleware/templates/rescues/_trace.html.erb (6.5ms)
  Rendered /Users/santiago/.rbenv/versions/2.1.5/lib/ruby/gems/2.1.0/gems/actionpack-4.2.0/lib/action_dispatch/middleware/templates/rescues/_request_and_response.html.erb (7.1ms)
  Rendered /Users/santiago/.rbenv/versions/2.1.5/lib/ruby/gems/2.1.0/gems/actionpack-4.2.0/lib/action_dispatch/middleware/templates/rescues/diagnostics.html.erb within rescues/layout (105.0ms)
  Rendered /Users/santiago/.rbenv/versions/2.1.5/lib/ruby/gems/2.1.0/gems/web-console-2.1.1/lib/web_console/templates/_markup.html (0.9ms)
  Rendered /Users/santiago/.rbenv/versions/2.1.5/lib/ruby/gems/2.1.0/gems/web-console-2.1.1/lib/web_console/templates/style.css within layouts/inlined_string (0.8ms)
  Rendered /Users/santiago/.rbenv/versions/2.1.5/lib/ruby/gems/2.1.0/gems/web-console-2.1.1/lib/web_console/templates/_inner_console_markup.html within layouts/inlined_string (1.0ms)
  Rendered /Users/santiago/.rbenv/versions/2.1.5/lib/ruby/gems/2.1.0/gems/web-console-2.1.1/lib/web_console/templates/_prompt_box_markup.html within layouts/inlined_string (0.9ms)
  Rendered /Users/santiago/.rbenv/versions/2.1.5/lib/ruby/gems/2.1.0/gems/web-console-2.1.1/lib/web_console/templates/console.js within layouts/javascript (69.2ms)
  Rendered /Users/santiago/.rbenv/versions/2.1.5/lib/ruby/gems/2.1.0/gems/web-console-2.1.1/lib/web_console/templates/main.js within layouts/javascript (1.1ms)
  Rendered /Users/santiago/.rbenv/versions/2.1.5/lib/ruby/gems/2.1.0/gems/web-console-2.1.1/lib/web_console/templates/error_page.js within layouts/javascript (1.0ms)
  Rendered /Users/santiago/.rbenv/versions/2.1.5/lib/ruby/gems/2.1.0/gems/web-console-2.1.1/lib/web_console/templates/index.html (155.1ms)


Started GET "/home" for ::1 at 2015-03-05 15:36:34 -0600

AbstractController::ActionNotFound (The action 'home' could not be found for ApplicationController):
  actionpack (4.2.0) lib/abstract_controller/base.rb:132:in `process'
  actionview (4.2.0) lib/action_view/rendering.rb:30:in `process'
  actionpack (4.2.0) lib/action_controller/metal.rb:195:in `dispatch'
  actionpack (4.2.0) lib/action_controller/metal/rack_delegation.rb:13:in `dispatch'
  actionpack (4.2.0) lib/action_controller/metal.rb:236:in `block in action'
  actionpack (4.2.0) lib/action_dispatch/routing/route_set.rb:73:in `call'
  actionpack (4.2.0) lib/action_dispatch/routing/route_set.rb:73:in `dispatch'
  actionpack (4.2.0) lib/action_dispatch/routing/route_set.rb:42:in `serve'
  actionpack (4.2.0) lib/action_dispatch/journey/router.rb:43:in `block in serve'
  actionpack (4.2.0) lib/action_dispatch/journey/router.rb:30:in `each'
  actionpack (4.2.0) lib/action_dispatch/journey/router.rb:30:in `serve'
  actionpack (4.2.0) lib/action_dispatch/routing/route_set.rb:802:in `call'
  rack (1.6.0) lib/rack/etag.rb:24:in `call'
  rack (1.6.0) lib/rack/conditionalget.rb:25:in `call'
  rack (1.6.0) lib/rack/head.rb:13:in `call'
  actionpack (4.2.0) lib/action_dispatch/middleware/params_parser.rb:27:in `call'
  actionpack (4.2.0) lib/action_dispatch/middleware/flash.rb:260:in `call'
  rack (1.6.0) lib/rack/session/abstract/id.rb:225:in `context'
  rack (1.6.0) lib/rack/session/abstract/id.rb:220:in `call'
  actionpack (4.2.0) lib/action_dispatch/middleware/cookies.rb:560:in `call'
  activerecord (4.2.0) lib/active_record/query_cache.rb:36:in `call'
  activerecord (4.2.0) lib/active_record/connection_adapters/abstract/connection_pool.rb:647:in `call'
  activerecord (4.2.0) lib/active_record/migration.rb:378:in `call'
  actionpack (4.2.0) lib/action_dispatch/middleware/callbacks.rb:29:in `block in call'
  activesupport (4.2.0) lib/active_support/callbacks.rb:88:in `call'
  activesupport (4.2.0) lib/active_support/callbacks.rb:88:in `_run_callbacks'
  activesupport (4.2.0) lib/active_support/callbacks.rb:734:in `_run_call_callbacks'
  activesupport (4.2.0) lib/active_support/callbacks.rb:81:in `run_callbacks'
  actionpack (4.2.0) lib/action_dispatch/middleware/callbacks.rb:27:in `call'
  actionpack (4.2.0) lib/action_dispatch/middleware/reloader.rb:73:in `call'
  actionpack (4.2.0) lib/action_dispatch/middleware/remote_ip.rb:78:in `call'
  actionpack (4.2.0) lib/action_dispatch/middleware/debug_exceptions.rb:17:in `call'
  web-console (2.1.1) lib/web_console/middleware.rb:37:in `call'
  actionpack (4.2.0) lib/action_dispatch/middleware/show_exceptions.rb:30:in `call'
  railties (4.2.0) lib/rails/rack/logger.rb:38:in `call_app'
  railties (4.2.0) lib/rails/rack/logger.rb:20:in `block in call'
  activesupport (4.2.0) lib/active_support/tagged_logging.rb:68:in `block in tagged'
  activesupport (4.2.0) lib/active_support/tagged_logging.rb:26:in `tagged'
  activesupport (4.2.0) lib/active_support/tagged_logging.rb:68:in `tagged'
  railties (4.2.0) lib/rails/rack/logger.rb:20:in `call'
  actionpack (4.2.0) lib/action_dispatch/middleware/request_id.rb:21:in `call'
  rack (1.6.0) lib/rack/methodoverride.rb:22:in `call'
  rack (1.6.0) lib/rack/runtime.rb:18:in `call'
  activesupport (4.2.0) lib/active_support/cache/strategy/local_cache_middleware.rb:28:in `call'
  rack (1.6.0) lib/rack/lock.rb:17:in `call'
  actionpack (4.2.0) lib/action_dispatch/middleware/static.rb:113:in `call'
  rack (1.6.0) lib/rack/sendfile.rb:113:in `call'
  railties (4.2.0) lib/rails/engine.rb:518:in `call'
  railties (4.2.0) lib/rails/application.rb:164:in `call'
  rack (1.6.0) lib/rack/lock.rb:17:in `call'
  rack (1.6.0) lib/rack/content_length.rb:15:in `call'
  rack (1.6.0) lib/rack/handler/webrick.rb:89:in `service'
  /Users/santiago/.rbenv/versions/2.1.5/lib/ruby/2.1.0/webrick/httpserver.rb:138:in `service'
  /Users/santiago/.rbenv/versions/2.1.5/lib/ruby/2.1.0/webrick/httpserver.rb:94:in `run'
  /Users/santiago/.rbenv/versions/2.1.5/lib/ruby/2.1.0/webrick/server.rb:295:in `block in start_thread'


  Rendered /Users/santiago/.rbenv/versions/2.1.5/lib/ruby/gems/2.1.0/gems/actionpack-4.2.0/lib/action_dispatch/middleware/templates/rescues/unknown_action.html.erb within rescues/layout (1.1ms)
  Rendered /Users/santiago/.rbenv/versions/2.1.5/lib/ruby/gems/2.1.0/gems/web-console-2.1.1/lib/web_console/templates/_markup.html (0.7ms)
  Rendered /Users/santiago/.rbenv/versions/2.1.5/lib/ruby/gems/2.1.0/gems/web-console-2.1.1/lib/web_console/templates/style.css within layouts/inlined_string (0.6ms)
  Rendered /Users/santiago/.rbenv/versions/2.1.5/lib/ruby/gems/2.1.0/gems/web-console-2.1.1/lib/web_console/templates/_inner_console_markup.html within layouts/inlined_string (0.7ms)
  Rendered /Users/santiago/.rbenv/versions/2.1.5/lib/ruby/gems/2.1.0/gems/web-console-2.1.1/lib/web_console/templates/_prompt_box_markup.html within layouts/inlined_string (0.7ms)
  Rendered /Users/santiago/.rbenv/versions/2.1.5/lib/ruby/gems/2.1.0/gems/web-console-2.1.1/lib/web_console/templates/console.js within layouts/javascript (46.3ms)
  Rendered /Users/santiago/.rbenv/versions/2.1.5/lib/ruby/gems/2.1.0/gems/web-console-2.1.1/lib/web_console/templates/main.js within layouts/javascript (1.0ms)
  Rendered /Users/santiago/.rbenv/versions/2.1.5/lib/ruby/gems/2.1.0/gems/web-console-2.1.1/lib/web_console/templates/error_page.js within layouts/javascript (0.8ms)
  Rendered /Users/santiago/.rbenv/versions/2.1.5/lib/ruby/gems/2.1.0/gems/web-console-2.1.1/lib/web_console/templates/index.html (99.8ms)


Started GET "/home" for ::1 at 2015-03-05 15:39:52 -0600
Processing by ApplicationController#home as HTML
  Rendered application/home.html.erb within layouts/application (3.2ms)
Completed 200 OK in 3727ms (Views: 3614.9ms | ActiveRecord: 0.0ms)


Started GET "/assets/application-5266d2988799ecc8fe6e81eaab412e7d.css?body=1" for ::1 at 2015-03-05 15:39:56 -0600


Started GET "/assets/jquery_ujs-e27bd20a10d28155845a22d71ef94f2f.js?body=1" for ::1 at 2015-03-05 15:39:56 -0600


Started GET "/assets/jquery-87424c3c19e96d4fb033c10ebe21ec40.js?body=1" for ::1 at 2015-03-05 15:39:56 -0600


Started GET "/assets/turbolinks-f87b3583ca50adb0488b031297f5580d.js?body=1" for ::1 at 2015-03-05 15:39:56 -0600


Started GET "/assets/application-bc105cf26f847567b5eae624a793b626.js?body=1" for ::1 at 2015-03-05 15:39:56 -0600


Started GET "/home" for ::1 at 2015-03-05 15:40:00 -0600
Processing by ApplicationController#home as HTML
  Rendered application/home.html.erb within layouts/application (0.1ms)
Completed 200 OK in 102ms (Views: 101.3ms | ActiveRecord: 0.0ms)


Started GET "/assets/jquery_ujs-e27bd20a10d28155845a22d71ef94f2f.js?body=1" for ::1 at 2015-03-05 15:40:00 -0600


Started GET "/assets/turbolinks-f87b3583ca50adb0488b031297f5580d.js?body=1" for ::1 at 2015-03-05 15:40:00 -0600


Started GET "/assets/application-bc105cf26f847567b5eae624a793b626.js?body=1" for ::1 at 2015-03-05 15:40:00 -0600


Started GET "/assets/jquery-87424c3c19e96d4fb033c10ebe21ec40.js?body=1" for ::1 at 2015-03-05 15:40:00 -0600


Started GET "/assets/application-5266d2988799ecc8fe6e81eaab412e7d.css?body=1" for ::1 at 2015-03-05 15:40:00 -0600


Started GET "/home" for ::1 at 2015-03-05 15:40:02 -0600
Processing by ApplicationController#home as HTML
  Rendered application/home.html.erb within layouts/application (0.0ms)
Completed 200 OK in 69ms (Views: 68.7ms | ActiveRecord: 0.0ms)


Started GET "/assets/jquery-87424c3c19e96d4fb033c10ebe21ec40.js?body=1" for ::1 at 2015-03-05 15:40:02 -0600


Started GET "/assets/jquery_ujs-e27bd20a10d28155845a22d71ef94f2f.js?body=1" for ::1 at 2015-03-05 15:40:02 -0600


Started GET "/assets/turbolinks-f87b3583ca50adb0488b031297f5580d.js?body=1" for ::1 at 2015-03-05 15:40:02 -0600


Started GET "/assets/application-bc105cf26f847567b5eae624a793b626.js?body=1" for ::1 at 2015-03-05 15:40:02 -0600


Started GET "/assets/application-5266d2988799ecc8fe6e81eaab412e7d.css?body=1" for ::1 at 2015-03-05 15:40:02 -0600


Started GET "/home" for ::1 at 2015-03-05 15:40:02 -0600
Processing by ApplicationController#home as HTML
  Rendered application/home.html.erb within layouts/application (0.1ms)
Completed 200 OK in 87ms (Views: 86.5ms | ActiveRecord: 0.0ms)


Started GET "/assets/jquery-87424c3c19e96d4fb033c10ebe21ec40.js?body=1" for ::1 at 2015-03-05 15:40:03 -0600


Started GET "/assets/jquery_ujs-e27bd20a10d28155845a22d71ef94f2f.js?body=1" for ::1 at 2015-03-05 15:40:03 -0600


Started GET "/assets/application-bc105cf26f847567b5eae624a793b626.js?body=1" for ::1 at 2015-03-05 15:40:03 -0600


Started GET "/assets/turbolinks-f87b3583ca50adb0488b031297f5580d.js?body=1" for ::1 at 2015-03-05 15:40:03 -0600


Started GET "/assets/application-5266d2988799ecc8fe6e81eaab412e7d.css?body=1" for ::1 at 2015-03-05 15:40:03 -0600


Started GET "/home" for ::1 at 2015-03-05 15:40:21 -0600
Processing by ApplicationController#home as HTML
  Rendered application/home.html.erb within layouts/application (0.0ms)
Completed 200 OK in 55ms (Views: 54.7ms | ActiveRecord: 0.0ms)


Started GET "/assets/jquery-87424c3c19e96d4fb033c10ebe21ec40.js?body=1" for ::1 at 2015-03-05 15:40:21 -0600


Started GET "/assets/turbolinks-f87b3583ca50adb0488b031297f5580d.js?body=1" for ::1 at 2015-03-05 15:40:21 -0600


Started GET "/assets/application-bc105cf26f847567b5eae624a793b626.js?body=1" for ::1 at 2015-03-05 15:40:21 -0600


Started GET "/assets/jquery_ujs-e27bd20a10d28155845a22d71ef94f2f.js?body=1" for ::1 at 2015-03-05 15:40:21 -0600


Started GET "/assets/application-5266d2988799ecc8fe6e81eaab412e7d.css?body=1" for ::1 at 2015-03-05 15:40:21 -0600


Started GET "/home" for ::1 at 2015-03-05 15:40:27 -0600
Processing by ApplicationController#home as HTML
  Rendered application/home.html.erb within layouts/application (0.1ms)
Completed 200 OK in 89ms (Views: 88.8ms | ActiveRecord: 0.0ms)


Started GET "/assets/application-5266d2988799ecc8fe6e81eaab412e7d.css?body=1" for ::1 at 2015-03-05 15:40:27 -0600


Started GET "/assets/jquery-87424c3c19e96d4fb033c10ebe21ec40.js?body=1" for ::1 at 2015-03-05 15:40:27 -0600


Started GET "/assets/turbolinks-f87b3583ca50adb0488b031297f5580d.js?body=1" for ::1 at 2015-03-05 15:40:27 -0600


Started GET "/assets/jquery_ujs-e27bd20a10d28155845a22d71ef94f2f.js?body=1" for ::1 at 2015-03-05 15:40:27 -0600


Started GET "/assets/application-bc105cf26f847567b5eae624a793b626.js?body=1" for ::1 at 2015-03-05 15:40:27 -0600


Started GET "/home" for ::1 at 2015-03-05 15:42:37 -0600
Processing by ApplicationController#home as HTML
  Rendered application/home.html.erb within layouts/application (0.5ms)
Completed 200 OK in 213ms (Views: 197.8ms | ActiveRecord: 0.0ms)


Started GET "/assets/jquery-87424c3c19e96d4fb033c10ebe21ec40.js?body=1" for ::1 at 2015-03-05 15:42:37 -0600


Started GET "/assets/jquery_ujs-e27bd20a10d28155845a22d71ef94f2f.js?body=1" for ::1 at 2015-03-05 15:42:37 -0600


Started GET "/assets/application-5266d2988799ecc8fe6e81eaab412e7d.css?body=1" for ::1 at 2015-03-05 15:42:37 -0600


Started GET "/assets/turbolinks-f87b3583ca50adb0488b031297f5580d.js?body=1" for ::1 at 2015-03-05 15:42:37 -0600


Started GET "/assets/application-bc105cf26f847567b5eae624a793b626.js?body=1" for ::1 at 2015-03-05 15:42:37 -0600


Started GET "/home" for ::1 at 2015-03-05 15:42:39 -0600
Processing by ApplicationController#home as HTML
  Rendered application/home.html.erb within layouts/application (0.1ms)
Completed 200 OK in 299ms (Views: 297.8ms | ActiveRecord: 0.0ms)


Started GET "/assets/application-5266d2988799ecc8fe6e81eaab412e7d.css?body=1" for ::1 at 2015-03-05 15:42:40 -0600


Started GET "/assets/jquery-87424c3c19e96d4fb033c10ebe21ec40.js?body=1" for ::1 at 2015-03-05 15:42:40 -0600


Started GET "/assets/jquery_ujs-e27bd20a10d28155845a22d71ef94f2f.js?body=1" for ::1 at 2015-03-05 15:42:40 -0600


Started GET "/assets/turbolinks-f87b3583ca50adb0488b031297f5580d.js?body=1" for ::1 at 2015-03-05 15:42:40 -0600


Started GET "/assets/application-bc105cf26f847567b5eae624a793b626.js?body=1" for ::1 at 2015-03-05 15:42:40 -0600


Started GET "/home" for ::1 at 2015-03-05 15:42:42 -0600
Processing by ApplicationController#home as HTML
  Rendered application/home.html.erb within layouts/application (0.0ms)
Completed 200 OK in 79ms (Views: 78.1ms | ActiveRecord: 0.0ms)


Started GET "/assets/jquery-87424c3c19e96d4fb033c10ebe21ec40.js?body=1" for ::1 at 2015-03-05 15:42:43 -0600


Started GET "/assets/application-5266d2988799ecc8fe6e81eaab412e7d.css?body=1" for ::1 at 2015-03-05 15:42:43 -0600


Started GET "/assets/jquery_ujs-e27bd20a10d28155845a22d71ef94f2f.js?body=1" for ::1 at 2015-03-05 15:42:43 -0600


Started GET "/assets/turbolinks-f87b3583ca50adb0488b031297f5580d.js?body=1" for ::1 at 2015-03-05 15:42:43 -0600


Started GET "/assets/application-bc105cf26f847567b5eae624a793b626.js?body=1" for ::1 at 2015-03-05 15:42:43 -0600


Started GET "/home" for ::1 at 2015-03-05 15:42:49 -0600
Processing by ApplicationController#home as HTML
  Rendered application/home.html.erb within layouts/application (0.5ms)
Completed 200 OK in 84ms (Views: 82.9ms | ActiveRecord: 0.0ms)


Started GET "/assets/jquery-87424c3c19e96d4fb033c10ebe21ec40.js?body=1" for ::1 at 2015-03-05 15:42:49 -0600


Started GET "/assets/jquery_ujs-e27bd20a10d28155845a22d71ef94f2f.js?body=1" for ::1 at 2015-03-05 15:42:49 -0600


Started GET "/assets/application-5266d2988799ecc8fe6e81eaab412e7d.css?body=1" for ::1 at 2015-03-05 15:42:49 -0600


Started GET "/assets/turbolinks-f87b3583ca50adb0488b031297f5580d.js?body=1" for ::1 at 2015-03-05 15:42:49 -0600


Started GET "/assets/application-bc105cf26f847567b5eae624a793b626.js?body=1" for ::1 at 2015-03-05 15:42:49 -0600


Started GET "/home" for ::1 at 2015-03-05 15:44:19 -0600
Processing by ApplicationController#home as HTML
  Rendered application/home.html.erb within layouts/application (0.5ms)
Completed 200 OK in 117ms (Views: 110.6ms | ActiveRecord: 0.0ms)


Started GET "/assets/jquery_ujs-e27bd20a10d28155845a22d71ef94f2f.js?body=1" for ::1 at 2015-03-05 15:44:19 -0600


Started GET "/assets/jquery-87424c3c19e96d4fb033c10ebe21ec40.js?body=1" for ::1 at 2015-03-05 15:44:19 -0600


Started GET "/assets/turbolinks-f87b3583ca50adb0488b031297f5580d.js?body=1" for ::1 at 2015-03-05 15:44:19 -0600


Started GET "/assets/application-bc105cf26f847567b5eae624a793b626.js?body=1" for ::1 at 2015-03-05 15:44:19 -0600


Started GET "/assets/application-5266d2988799ecc8fe6e81eaab412e7d.css?body=1" for ::1 at 2015-03-05 15:44:19 -0600


Started GET "/home" for ::1 at 2015-03-05 15:44:20 -0600
Processing by ApplicationController#home as HTML
  Rendered application/home.html.erb within layouts/application (0.1ms)
Completed 200 OK in 71ms (Views: 69.1ms | ActiveRecord: 0.0ms)


Started GET "/assets/jquery-87424c3c19e96d4fb033c10ebe21ec40.js?body=1" for ::1 at 2015-03-05 15:44:21 -0600


Started GET "/assets/application-bc105cf26f847567b5eae624a793b626.js?body=1" for ::1 at 2015-03-05 15:44:21 -0600


Started GET "/assets/turbolinks-f87b3583ca50adb0488b031297f5580d.js?body=1" for ::1 at 2015-03-05 15:44:21 -0600


Started GET "/assets/jquery_ujs-e27bd20a10d28155845a22d71ef94f2f.js?body=1" for ::1 at 2015-03-05 15:44:21 -0600


Started GET "/assets/application-5266d2988799ecc8fe6e81eaab412e7d.css?body=1" for ::1 at 2015-03-05 15:44:21 -0600


Started GET "/home" for ::1 at 2015-03-05 15:44:43 -0600
Processing by ApplicationController#home as HTML
  Rendered application/home.html.erb within layouts/application (0.1ms)
Completed 200 OK in 96ms (Views: 94.7ms | ActiveRecord: 0.0ms)


Started GET "/assets/jquery-87424c3c19e96d4fb033c10ebe21ec40.js?body=1" for ::1 at 2015-03-05 15:44:43 -0600


Started GET "/assets/turbolinks-f87b3583ca50adb0488b031297f5580d.js?body=1" for ::1 at 2015-03-05 15:44:43 -0600


Started GET "/assets/application-bc105cf26f847567b5eae624a793b626.js?body=1" for ::1 at 2015-03-05 15:44:43 -0600


Started GET "/assets/jquery_ujs-e27bd20a10d28155845a22d71ef94f2f.js?body=1" for ::1 at 2015-03-05 15:44:43 -0600


Started GET "/assets/application-5266d2988799ecc8fe6e81eaab412e7d.css?body=1" for ::1 at 2015-03-05 15:44:43 -0600


Started GET "/home" for ::1 at 2015-03-05 15:44:44 -0600
Processing by ApplicationController#home as HTML
  Rendered application/home.html.erb within layouts/application (0.1ms)
Completed 200 OK in 283ms (Views: 281.9ms | ActiveRecord: 0.0ms)


Started GET "/assets/jquery-87424c3c19e96d4fb033c10ebe21ec40.js?body=1" for ::1 at 2015-03-05 15:44:45 -0600


Started GET "/assets/application-bc105cf26f847567b5eae624a793b626.js?body=1" for ::1 at 2015-03-05 15:44:45 -0600


Started GET "/assets/jquery_ujs-e27bd20a10d28155845a22d71ef94f2f.js?body=1" for ::1 at 2015-03-05 15:44:45 -0600


Started GET "/assets/turbolinks-f87b3583ca50adb0488b031297f5580d.js?body=1" for ::1 at 2015-03-05 15:44:45 -0600


Started GET "/assets/application-5266d2988799ecc8fe6e81eaab412e7d.css?body=1" for ::1 at 2015-03-05 15:44:45 -0600


Started GET "/home" for ::1 at 2015-03-05 15:45:02 -0600
Processing by ApplicationController#home as HTML
  Rendered application/home.html.erb within layouts/application (0.0ms)
Completed 200 OK in 108ms (Views: 107.4ms | ActiveRecord: 0.0ms)


Started GET "/assets/jquery-87424c3c19e96d4fb033c10ebe21ec40.js?body=1" for ::1 at 2015-03-05 15:45:02 -0600


Started GET "/assets/turbolinks-f87b3583ca50adb0488b031297f5580d.js?body=1" for ::1 at 2015-03-05 15:45:02 -0600


Started GET "/assets/application-bc105cf26f847567b5eae624a793b626.js?body=1" for ::1 at 2015-03-05 15:45:02 -0600


Started GET "/assets/jquery_ujs-e27bd20a10d28155845a22d71ef94f2f.js?body=1" for ::1 at 2015-03-05 15:45:02 -0600


Started GET "/assets/application-5266d2988799ecc8fe6e81eaab412e7d.css?body=1" for ::1 at 2015-03-05 15:45:02 -0600


Started GET "/home" for ::1 at 2015-03-05 15:47:11 -0600
Processing by ApplicationController#home as HTML
  Rendered application/home.html.erb within layouts/application (0.1ms)
Completed 200 OK in 101ms (Views: 100.3ms | ActiveRecord: 0.0ms)


Started GET "/assets/jquery-87424c3c19e96d4fb033c10ebe21ec40.js?body=1" for ::1 at 2015-03-05 15:47:11 -0600


Started GET "/assets/jquery_ujs-e27bd20a10d28155845a22d71ef94f2f.js?body=1" for ::1 at 2015-03-05 15:47:11 -0600


Started GET "/assets/turbolinks-f87b3583ca50adb0488b031297f5580d.js?body=1" for ::1 at 2015-03-05 15:47:11 -0600


Started GET "/assets/application-bc105cf26f847567b5eae624a793b626.js?body=1" for ::1 at 2015-03-05 15:47:11 -0600


Started GET "/assets/application-5266d2988799ecc8fe6e81eaab412e7d.css?body=1" for ::1 at 2015-03-05 15:47:11 -0600


Started GET "/home" for ::1 at 2015-03-05 15:47:43 -0600
Processing by ApplicationController#home as HTML
  Rendered application/home.html.erb within layouts/application (2.3ms)
Completed 200 OK in 98ms (Views: 95.4ms | ActiveRecord: 0.0ms)


Started GET "/assets/application-5266d2988799ecc8fe6e81eaab412e7d.css?body=1" for ::1 at 2015-03-05 15:47:43 -0600


Started GET "/assets/jquery-87424c3c19e96d4fb033c10ebe21ec40.js?body=1" for ::1 at 2015-03-05 15:47:43 -0600


Started GET "/assets/jquery_ujs-e27bd20a10d28155845a22d71ef94f2f.js?body=1" for ::1 at 2015-03-05 15:47:43 -0600


Started GET "/assets/turbolinks-f87b3583ca50adb0488b031297f5580d.js?body=1" for ::1 at 2015-03-05 15:47:43 -0600


Started GET "/assets/application-bc105cf26f847567b5eae624a793b626.js?body=1" for ::1 at 2015-03-05 15:47:43 -0600


Started GET "/home" for ::1 at 2015-03-05 15:47:46 -0600
Processing by ApplicationController#home as HTML
  Rendered application/home.html.erb within layouts/application (0.1ms)
Completed 200 OK in 80ms (Views: 79.2ms | ActiveRecord: 0.0ms)


Started GET "/assets/jquery-87424c3c19e96d4fb033c10ebe21ec40.js?body=1" for ::1 at 2015-03-05 15:47:46 -0600


Started GET "/assets/turbolinks-f87b3583ca50adb0488b031297f5580d.js?body=1" for ::1 at 2015-03-05 15:47:46 -0600


Started GET "/assets/jquery_ujs-e27bd20a10d28155845a22d71ef94f2f.js?body=1" for ::1 at 2015-03-05 15:47:46 -0600


Started GET "/assets/application-bc105cf26f847567b5eae624a793b626.js?body=1" for ::1 at 2015-03-05 15:47:46 -0600


Started GET "/assets/application-5266d2988799ecc8fe6e81eaab412e7d.css?body=1" for ::1 at 2015-03-05 15:47:46 -0600


Started GET "/home" for ::1 at 2015-03-05 15:48:00 -0600
Processing by ApplicationController#home as HTML
  Rendered application/home.html.erb within layouts/application (6.6ms)
Completed 200 OK in 75ms (Views: 73.6ms | ActiveRecord: 0.0ms)


Started GET "/assets/jquery-87424c3c19e96d4fb033c10ebe21ec40.js?body=1" for ::1 at 2015-03-05 15:48:00 -0600


Started GET "/assets/jquery_ujs-e27bd20a10d28155845a22d71ef94f2f.js?body=1" for ::1 at 2015-03-05 15:48:00 -0600


Started GET "/assets/turbolinks-f87b3583ca50adb0488b031297f5580d.js?body=1" for ::1 at 2015-03-05 15:48:00 -0600


Started GET "/assets/application-5266d2988799ecc8fe6e81eaab412e7d.css?body=1" for ::1 at 2015-03-05 15:48:00 -0600


Started GET "/assets/application-bc105cf26f847567b5eae624a793b626.js?body=1" for ::1 at 2015-03-05 15:48:01 -0600


Started GET "/home" for ::1 at 2015-03-05 15:48:01 -0600
Processing by ApplicationController#home as HTML
  Rendered application/home.html.erb within layouts/application (0.1ms)
Completed 200 OK in 88ms (Views: 79.4ms | ActiveRecord: 0.0ms)


Started GET "/assets/jquery-87424c3c19e96d4fb033c10ebe21ec40.js?body=1" for ::1 at 2015-03-05 15:48:02 -0600


Started GET "/assets/jquery_ujs-e27bd20a10d28155845a22d71ef94f2f.js?body=1" for ::1 at 2015-03-05 15:48:02 -0600


Started GET "/assets/turbolinks-f87b3583ca50adb0488b031297f5580d.js?body=1" for ::1 at 2015-03-05 15:48:02 -0600


Started GET "/assets/application-bc105cf26f847567b5eae624a793b626.js?body=1" for ::1 at 2015-03-05 15:48:02 -0600


Started GET "/assets/application-5266d2988799ecc8fe6e81eaab412e7d.css?body=1" for ::1 at 2015-03-05 15:48:02 -0600


Started GET "/home" for ::1 at 2015-03-05 15:48:03 -0600
Processing by ApplicationController#home as HTML
  Rendered application/home.html.erb within layouts/application (0.1ms)
Completed 200 OK in 195ms (Views: 194.6ms | ActiveRecord: 0.0ms)


Started GET "/assets/application-5266d2988799ecc8fe6e81eaab412e7d.css?body=1" for ::1 at 2015-03-05 15:48:03 -0600


Started GET "/assets/jquery-87424c3c19e96d4fb033c10ebe21ec40.js?body=1" for ::1 at 2015-03-05 15:48:03 -0600


Started GET "/assets/application-bc105cf26f847567b5eae624a793b626.js?body=1" for ::1 at 2015-03-05 15:48:03 -0600


Started GET "/assets/jquery_ujs-e27bd20a10d28155845a22d71ef94f2f.js?body=1" for ::1 at 2015-03-05 15:48:03 -0600


Started GET "/assets/turbolinks-f87b3583ca50adb0488b031297f5580d.js?body=1" for ::1 at 2015-03-05 15:48:03 -0600


Started GET "/home" for ::1 at 2015-03-05 15:48:18 -0600
Processing by ApplicationController#home as HTML
  Rendered application/home.html.erb within layouts/application (0.1ms)
Completed 200 OK in 81ms (Views: 80.3ms | ActiveRecord: 0.0ms)


Started GET "/assets/jquery-87424c3c19e96d4fb033c10ebe21ec40.js?body=1" for ::1 at 2015-03-05 15:48:18 -0600


Started GET "/assets/jquery_ujs-e27bd20a10d28155845a22d71ef94f2f.js?body=1" for ::1 at 2015-03-05 15:48:18 -0600


Started GET "/assets/application-5266d2988799ecc8fe6e81eaab412e7d.css?body=1" for ::1 at 2015-03-05 15:48:18 -0600


Started GET "/assets/turbolinks-f87b3583ca50adb0488b031297f5580d.js?body=1" for ::1 at 2015-03-05 15:48:18 -0600


Started GET "/assets/application-bc105cf26f847567b5eae624a793b626.js?body=1" for ::1 at 2015-03-05 15:48:18 -0600


Started GET "/home" for ::1 at 2015-03-05 15:48:33 -0600
Processing by ApplicationController#home as HTML
  Rendered application/home.html.erb within layouts/application (0.1ms)
Completed 200 OK in 87ms (Views: 85.4ms | ActiveRecord: 0.0ms)


Started GET "/assets/application-5266d2988799ecc8fe6e81eaab412e7d.css?body=1" for ::1 at 2015-03-05 15:48:33 -0600


Started GET "/assets/jquery-87424c3c19e96d4fb033c10ebe21ec40.js?body=1" for ::1 at 2015-03-05 15:48:33 -0600


Started GET "/assets/turbolinks-f87b3583ca50adb0488b031297f5580d.js?body=1" for ::1 at 2015-03-05 15:48:33 -0600


Started GET "/assets/jquery_ujs-e27bd20a10d28155845a22d71ef94f2f.js?body=1" for ::1 at 2015-03-05 15:48:33 -0600


Started GET "/assets/application-bc105cf26f847567b5eae624a793b626.js?body=1" for ::1 at 2015-03-05 15:48:33 -0600


Started GET "/home" for ::1 at 2015-03-05 15:52:03 -0600
Processing by ApplicationController#home as HTML
  Rendered application/home.html.erb within layouts/application (0.6ms)
Completed 200 OK in 409ms (Views: 383.6ms | ActiveRecord: 0.0ms)


Started GET "/assets/jquery-87424c3c19e96d4fb033c10ebe21ec40.js?body=1" for ::1 at 2015-03-05 15:52:04 -0600


Started GET "/assets/jquery_ujs-e27bd20a10d28155845a22d71ef94f2f.js?body=1" for ::1 at 2015-03-05 15:52:04 -0600


Started GET "/assets/application-bc105cf26f847567b5eae624a793b626.js?body=1" for ::1 at 2015-03-05 15:52:04 -0600


Started GET "/assets/turbolinks-f87b3583ca50adb0488b031297f5580d.js?body=1" for ::1 at 2015-03-05 15:52:04 -0600


Started GET "/assets/application-5266d2988799ecc8fe6e81eaab412e7d.css?body=1" for ::1 at 2015-03-05 15:52:04 -0600


Started GET "/home" for ::1 at 2015-03-05 15:52:06 -0600
Processing by ApplicationController#home as HTML
  Rendered application/home.html.erb within layouts/application (0.1ms)
Completed 200 OK in 70ms (Views: 68.6ms | ActiveRecord: 0.0ms)


Started GET "/assets/application-5266d2988799ecc8fe6e81eaab412e7d.css?body=1" for ::1 at 2015-03-05 15:52:06 -0600


Started GET "/assets/jquery-87424c3c19e96d4fb033c10ebe21ec40.js?body=1" for ::1 at 2015-03-05 15:52:06 -0600


Started GET "/assets/jquery_ujs-e27bd20a10d28155845a22d71ef94f2f.js?body=1" for ::1 at 2015-03-05 15:52:06 -0600


Started GET "/assets/turbolinks-f87b3583ca50adb0488b031297f5580d.js?body=1" for ::1 at 2015-03-05 15:52:06 -0600


Started GET "/assets/application-bc105cf26f847567b5eae624a793b626.js?body=1" for ::1 at 2015-03-05 15:52:06 -0600


Started GET "/home" for ::1 at 2015-03-05 15:52:11 -0600
Processing by ApplicationController#home as HTML
  Rendered application/home.html.erb within layouts/application (0.1ms)
Completed 200 OK in 124ms (Views: 123.1ms | ActiveRecord: 0.0ms)


Started GET "/assets/jquery-87424c3c19e96d4fb033c10ebe21ec40.js?body=1" for ::1 at 2015-03-05 15:52:11 -0600


Started GET "/assets/jquery_ujs-e27bd20a10d28155845a22d71ef94f2f.js?body=1" for ::1 at 2015-03-05 15:52:11 -0600


Started GET "/assets/turbolinks-f87b3583ca50adb0488b031297f5580d.js?body=1" for ::1 at 2015-03-05 15:52:11 -0600


Started GET "/assets/application-bc105cf26f847567b5eae624a793b626.js?body=1" for ::1 at 2015-03-05 15:52:11 -0600


Started GET "/assets/application-5266d2988799ecc8fe6e81eaab412e7d.css?body=1" for ::1 at 2015-03-05 15:52:11 -0600


Started GET "/home" for ::1 at 2015-03-05 15:52:13 -0600
Processing by ApplicationController#home as HTML
  Rendered application/home.html.erb within layouts/application (0.5ms)
Completed 200 OK in 262ms (Views: 260.1ms | ActiveRecord: 0.0ms)


Started GET "/assets/jquery_ujs-e27bd20a10d28155845a22d71ef94f2f.js?body=1" for ::1 at 2015-03-05 15:52:13 -0600


Started GET "/assets/jquery-87424c3c19e96d4fb033c10ebe21ec40.js?body=1" for ::1 at 2015-03-05 15:52:13 -0600


Started GET "/assets/application-bc105cf26f847567b5eae624a793b626.js?body=1" for ::1 at 2015-03-05 15:52:13 -0600


Started GET "/assets/turbolinks-f87b3583ca50adb0488b031297f5580d.js?body=1" for ::1 at 2015-03-05 15:52:13 -0600


Started GET "/assets/application-5266d2988799ecc8fe6e81eaab412e7d.css?body=1" for ::1 at 2015-03-05 15:52:13 -0600


Started GET "/home" for ::1 at 2015-03-05 15:52:25 -0600
Processing by ApplicationController#home as HTML
  Rendered application/home.html.erb within layouts/application (0.1ms)
Completed 500 Internal Server Error in 132ms

ActionView::Template::Error (Missing partial layouts/_header with {:locale=>[:en], :formats=>[:html], :variants=>[], :handlers=>[:erb, :builder, :raw, :ruby, :coffee, :jbuilder]}. Searched in:
  * "/Users/santiago/GitHub/CiudadaniaColectiva/app/views"
):
    30:   <body data-spy="scroll" data-offset="0" data-target="#navigation">
    31: 
    32:     <!-- Fixed navbar -->
    33: 	    <%= render partial: "layouts/header"%>
    34: 
    35: 
    36: 	<section id="home" name="home"></section>
  app/views/layouts/application.html.erb:33:in `_app_views_layouts_application_html_erb___3805262904137438113_70302979411960'


  Rendered /Users/santiago/.rbenv/versions/2.1.5/lib/ruby/gems/2.1.0/gems/actionpack-4.2.0/lib/action_dispatch/middleware/templates/rescues/_source.erb (37.4ms)
  Rendered /Users/santiago/.rbenv/versions/2.1.5/lib/ruby/gems/2.1.0/gems/actionpack-4.2.0/lib/action_dispatch/middleware/templates/rescues/_trace.html.erb (49.6ms)
  Rendered /Users/santiago/.rbenv/versions/2.1.5/lib/ruby/gems/2.1.0/gems/actionpack-4.2.0/lib/action_dispatch/middleware/templates/rescues/_request_and_response.html.erb (1.7ms)
  Rendered /Users/santiago/.rbenv/versions/2.1.5/lib/ruby/gems/2.1.0/gems/actionpack-4.2.0/lib/action_dispatch/middleware/templates/rescues/template_error.html.erb within rescues/layout (135.9ms)
  Rendered /Users/santiago/.rbenv/versions/2.1.5/lib/ruby/gems/2.1.0/gems/web-console-2.1.1/lib/web_console/templates/_markup.html (0.7ms)
  Rendered /Users/santiago/.rbenv/versions/2.1.5/lib/ruby/gems/2.1.0/gems/web-console-2.1.1/lib/web_console/templates/style.css within layouts/inlined_string (0.9ms)
  Rendered /Users/santiago/.rbenv/versions/2.1.5/lib/ruby/gems/2.1.0/gems/web-console-2.1.1/lib/web_console/templates/_inner_console_markup.html within layouts/inlined_string (1.1ms)
  Rendered /Users/santiago/.rbenv/versions/2.1.5/lib/ruby/gems/2.1.0/gems/web-console-2.1.1/lib/web_console/templates/_prompt_box_markup.html within layouts/inlined_string (0.6ms)
  Rendered /Users/santiago/.rbenv/versions/2.1.5/lib/ruby/gems/2.1.0/gems/web-console-2.1.1/lib/web_console/templates/console.js within layouts/javascript (61.7ms)
  Rendered /Users/santiago/.rbenv/versions/2.1.5/lib/ruby/gems/2.1.0/gems/web-console-2.1.1/lib/web_console/templates/main.js within layouts/javascript (0.7ms)
  Rendered /Users/santiago/.rbenv/versions/2.1.5/lib/ruby/gems/2.1.0/gems/web-console-2.1.1/lib/web_console/templates/error_page.js within layouts/javascript (0.8ms)
  Rendered /Users/santiago/.rbenv/versions/2.1.5/lib/ruby/gems/2.1.0/gems/web-console-2.1.1/lib/web_console/templates/index.html (161.4ms)


Started GET "/home" for ::1 at 2015-03-05 15:53:35 -0600
Processing by ApplicationController#home as HTML
  Rendered application/home.html.erb within layouts/application (0.3ms)
  Rendered layouts/_header.html.erb (3.8ms)
Completed 200 OK in 91ms (Views: 84.2ms | ActiveRecord: 0.0ms)


Started GET "/assets/jquery-87424c3c19e96d4fb033c10ebe21ec40.js?body=1" for ::1 at 2015-03-05 15:53:35 -0600


Started GET "/assets/jquery_ujs-e27bd20a10d28155845a22d71ef94f2f.js?body=1" for ::1 at 2015-03-05 15:53:35 -0600


Started GET "/assets/turbolinks-f87b3583ca50adb0488b031297f5580d.js?body=1" for ::1 at 2015-03-05 15:53:35 -0600


Started GET "/assets/application-bc105cf26f847567b5eae624a793b626.js?body=1" for ::1 at 2015-03-05 15:53:35 -0600


Started GET "/assets/application-5266d2988799ecc8fe6e81eaab412e7d.css?body=1" for ::1 at 2015-03-05 15:53:35 -0600


Started GET "/home" for ::1 at 2015-03-05 15:53:52 -0600
Processing by ApplicationController#home as HTML
  Rendered application/home.html.erb within layouts/application (0.2ms)
  Rendered layouts/_header.html.erb (0.6ms)
Completed 200 OK in 88ms (Views: 87.0ms | ActiveRecord: 0.0ms)


Started GET "/assets/jquery-87424c3c19e96d4fb033c10ebe21ec40.js?body=1" for ::1 at 2015-03-05 15:53:52 -0600


Started GET "/assets/application-bc105cf26f847567b5eae624a793b626.js?body=1" for ::1 at 2015-03-05 15:53:52 -0600


Started GET "/assets/jquery_ujs-e27bd20a10d28155845a22d71ef94f2f.js?body=1" for ::1 at 2015-03-05 15:53:52 -0600


Started GET "/assets/turbolinks-f87b3583ca50adb0488b031297f5580d.js?body=1" for ::1 at 2015-03-05 15:53:52 -0600


Started GET "/assets/application-5266d2988799ecc8fe6e81eaab412e7d.css?body=1" for ::1 at 2015-03-05 15:53:52 -0600


Started GET "/home" for ::1 at 2015-03-05 15:54:01 -0600
Processing by ApplicationController#home as HTML
  Rendered application/home.html.erb within layouts/application (0.1ms)
  Rendered layouts/_header.html.erb (0.6ms)
Completed 200 OK in 128ms (Views: 127.1ms | ActiveRecord: 0.0ms)


Started GET "/assets/jquery_ujs-e27bd20a10d28155845a22d71ef94f2f.js?body=1" for ::1 at 2015-03-05 15:54:01 -0600


Started GET "/assets/jquery-87424c3c19e96d4fb033c10ebe21ec40.js?body=1" for ::1 at 2015-03-05 15:54:01 -0600


Started GET "/assets/application-5266d2988799ecc8fe6e81eaab412e7d.css?body=1" for ::1 at 2015-03-05 15:54:01 -0600


Started GET "/assets/application-bc105cf26f847567b5eae624a793b626.js?body=1" for ::1 at 2015-03-05 15:54:01 -0600


Started GET "/assets/turbolinks-f87b3583ca50adb0488b031297f5580d.js?body=1" for ::1 at 2015-03-05 15:54:01 -0600


Started GET "/home" for ::1 at 2015-03-05 15:54:12 -0600
Processing by ApplicationController#home as HTML
  Rendered application/home.html.erb within layouts/application (0.1ms)
  Rendered layouts/_header.html.erb (0.1ms)
Completed 200 OK in 94ms (Views: 92.7ms | ActiveRecord: 0.0ms)


Started GET "/assets/jquery-87424c3c19e96d4fb033c10ebe21ec40.js?body=1" for ::1 at 2015-03-05 15:54:13 -0600


Started GET "/assets/jquery_ujs-e27bd20a10d28155845a22d71ef94f2f.js?body=1" for ::1 at 2015-03-05 15:54:13 -0600


Started GET "/assets/application-bc105cf26f847567b5eae624a793b626.js?body=1" for ::1 at 2015-03-05 15:54:13 -0600


Started GET "/assets/turbolinks-f87b3583ca50adb0488b031297f5580d.js?body=1" for ::1 at 2015-03-05 15:54:13 -0600


Started GET "/assets/application-5266d2988799ecc8fe6e81eaab412e7d.css?body=1" for ::1 at 2015-03-05 15:54:13 -0600


Started GET "/home" for ::1 at 2015-03-05 15:55:07 -0600
Processing by ApplicationController#home as HTML
  Rendered application/home.html.erb within layouts/application (0.1ms)
  Rendered layouts/_header.html.erb (0.1ms)
Completed 200 OK in 83ms (Views: 82.6ms | ActiveRecord: 0.0ms)


Started GET "/assets/jquery-87424c3c19e96d4fb033c10ebe21ec40.js?body=1" for ::1 at 2015-03-05 15:55:07 -0600


Started GET "/assets/jquery_ujs-e27bd20a10d28155845a22d71ef94f2f.js?body=1" for ::1 at 2015-03-05 15:55:07 -0600


Started GET "/assets/turbolinks-f87b3583ca50adb0488b031297f5580d.js?body=1" for ::1 at 2015-03-05 15:55:07 -0600


Started GET "/assets/application-bc105cf26f847567b5eae624a793b626.js?body=1" for ::1 at 2015-03-05 15:55:07 -0600


Started GET "/assets/application-5266d2988799ecc8fe6e81eaab412e7d.css?body=1" for ::1 at 2015-03-05 15:55:07 -0600


Started GET "/home" for ::1 at 2015-03-05 15:55:24 -0600
Processing by ApplicationController#home as HTML
  Rendered application/home.html.erb within layouts/application (49.5ms)
  Rendered layouts/_header.html.erb (7.0ms)
Completed 200 OK in 303ms (Views: 301.5ms | ActiveRecord: 0.0ms)


Started GET "/home" for ::1 at 2015-03-05 15:55:51 -0600
Processing by ApplicationController#home as HTML
  Rendered application/home.html.erb within layouts/application (10.0ms)
  Rendered layouts/_header.html.erb (0.1ms)
Completed 200 OK in 101ms (Views: 100.2ms | ActiveRecord: 0.0ms)


Started GET "/assets/application-5266d2988799ecc8fe6e81eaab412e7d.css?body=1" for ::1 at 2015-03-05 15:55:51 -0600


Started GET "/assets/jquery-87424c3c19e96d4fb033c10ebe21ec40.js?body=1" for ::1 at 2015-03-05 15:55:51 -0600


Started GET "/assets/application-bc105cf26f847567b5eae624a793b626.js?body=1" for ::1 at 2015-03-05 15:55:51 -0600


Started GET "/assets/turbolinks-f87b3583ca50adb0488b031297f5580d.js?body=1" for ::1 at 2015-03-05 15:55:51 -0600


Started GET "/assets/jquery_ujs-e27bd20a10d28155845a22d71ef94f2f.js?body=1" for ::1 at 2015-03-05 15:55:51 -0600


Started GET "/home" for ::1 at 2015-03-05 15:55:52 -0600
Processing by ApplicationController#home as HTML
  Rendered application/home.html.erb within layouts/application (0.1ms)
  Rendered layouts/_header.html.erb (0.1ms)
Completed 200 OK in 70ms (Views: 68.6ms | ActiveRecord: 0.0ms)


Started GET "/assets/application-5266d2988799ecc8fe6e81eaab412e7d.css?body=1" for ::1 at 2015-03-05 15:55:52 -0600


Started GET "/assets/jquery_ujs-e27bd20a10d28155845a22d71ef94f2f.js?body=1" for ::1 at 2015-03-05 15:55:53 -0600


Started GET "/assets/turbolinks-f87b3583ca50adb0488b031297f5580d.js?body=1" for ::1 at 2015-03-05 15:55:53 -0600


Started GET "/assets/jquery-87424c3c19e96d4fb033c10ebe21ec40.js?body=1" for ::1 at 2015-03-05 15:55:53 -0600


Started GET "/assets/application-bc105cf26f847567b5eae624a793b626.js?body=1" for ::1 at 2015-03-05 15:55:53 -0600


Started GET "/home" for ::1 at 2015-03-05 15:55:54 -0600
Processing by ApplicationController#home as HTML
  Rendered application/home.html.erb within layouts/application (0.1ms)
  Rendered layouts/_header.html.erb (0.1ms)
Completed 200 OK in 105ms (Views: 104.4ms | ActiveRecord: 0.0ms)


Started GET "/assets/jquery-87424c3c19e96d4fb033c10ebe21ec40.js?body=1" for ::1 at 2015-03-05 15:55:54 -0600


Started GET "/assets/application-5266d2988799ecc8fe6e81eaab412e7d.css?body=1" for ::1 at 2015-03-05 15:55:54 -0600


Started GET "/assets/jquery_ujs-e27bd20a10d28155845a22d71ef94f2f.js?body=1" for ::1 at 2015-03-05 15:55:54 -0600


Started GET "/assets/turbolinks-f87b3583ca50adb0488b031297f5580d.js?body=1" for ::1 at 2015-03-05 15:55:54 -0600


Started GET "/assets/application-bc105cf26f847567b5eae624a793b626.js?body=1" for ::1 at 2015-03-05 15:55:54 -0600


Started GET "/home" for ::1 at 2015-03-05 16:00:15 -0600
Processing by ApplicationController#home as HTML
  Rendered application/home.html.erb within layouts/application (22.9ms)
  Rendered layouts/_header.html.erb (0.1ms)
Completed 200 OK in 207ms (Views: 199.6ms | ActiveRecord: 0.0ms)


Started GET "/assets/jquery_ujs-e27bd20a10d28155845a22d71ef94f2f.js?body=1" for ::1 at 2015-03-05 16:00:15 -0600


Started GET "/assets/jquery-87424c3c19e96d4fb033c10ebe21ec40.js?body=1" for ::1 at 2015-03-05 16:00:15 -0600


Started GET "/assets/application-bc105cf26f847567b5eae624a793b626.js?body=1" for ::1 at 2015-03-05 16:00:15 -0600


Started GET "/assets/turbolinks-f87b3583ca50adb0488b031297f5580d.js?body=1" for ::1 at 2015-03-05 16:00:15 -0600


Started GET "/assets/application-5266d2988799ecc8fe6e81eaab412e7d.css?body=1" for ::1 at 2015-03-05 16:00:15 -0600


Started GET "/home" for ::1 at 2015-03-05 16:00:17 -0600
Processing by ApplicationController#home as HTML
  Rendered application/home.html.erb within layouts/application (0.1ms)
  Rendered layouts/_header.html.erb (0.1ms)
Completed 200 OK in 106ms (Views: 105.0ms | ActiveRecord: 0.0ms)


Started GET "/assets/jquery_ujs-e27bd20a10d28155845a22d71ef94f2f.js?body=1" for ::1 at 2015-03-05 16:00:17 -0600


Started GET "/assets/jquery-87424c3c19e96d4fb033c10ebe21ec40.js?body=1" for ::1 at 2015-03-05 16:00:17 -0600


Started GET "/assets/turbolinks-f87b3583ca50adb0488b031297f5580d.js?body=1" for ::1 at 2015-03-05 16:00:17 -0600


Started GET "/assets/application-bc105cf26f847567b5eae624a793b626.js?body=1" for ::1 at 2015-03-05 16:00:17 -0600


Started GET "/assets/application-5266d2988799ecc8fe6e81eaab412e7d.css?body=1" for ::1 at 2015-03-05 16:00:17 -0600


Started GET "/home" for ::1 at 2015-03-05 16:00:24 -0600
Processing by ApplicationController#home as HTML
  Rendered application/home.html.erb within layouts/application (0.1ms)
  Rendered layouts/_header.html.erb (0.1ms)
Completed 200 OK in 129ms (Views: 128.4ms | ActiveRecord: 0.0ms)


Started GET "/assets/jquery-87424c3c19e96d4fb033c10ebe21ec40.js?body=1" for ::1 at 2015-03-05 16:00:24 -0600


Started GET "/assets/jquery_ujs-e27bd20a10d28155845a22d71ef94f2f.js?body=1" for ::1 at 2015-03-05 16:00:24 -0600


Started GET "/assets/turbolinks-f87b3583ca50adb0488b031297f5580d.js?body=1" for ::1 at 2015-03-05 16:00:25 -0600


Started GET "/assets/application-bc105cf26f847567b5eae624a793b626.js?body=1" for ::1 at 2015-03-05 16:00:25 -0600


Started GET "/assets/application-5266d2988799ecc8fe6e81eaab412e7d.css?body=1" for ::1 at 2015-03-05 16:00:25 -0600


Started GET "/home" for ::1 at 2015-03-05 16:00:26 -0600
Processing by ApplicationController#home as HTML
  Rendered application/home.html.erb within layouts/application (0.1ms)
  Rendered layouts/_header.html.erb (0.1ms)
Completed 200 OK in 142ms (Views: 141.3ms | ActiveRecord: 0.0ms)


Started GET "/assets/jquery-87424c3c19e96d4fb033c10ebe21ec40.js?body=1" for ::1 at 2015-03-05 16:00:26 -0600


Started GET "/assets/jquery_ujs-e27bd20a10d28155845a22d71ef94f2f.js?body=1" for ::1 at 2015-03-05 16:00:26 -0600


Started GET "/assets/turbolinks-f87b3583ca50adb0488b031297f5580d.js?body=1" for ::1 at 2015-03-05 16:00:26 -0600


Started GET "/assets/application-5266d2988799ecc8fe6e81eaab412e7d.css?body=1" for ::1 at 2015-03-05 16:00:26 -0600


Started GET "/assets/application-bc105cf26f847567b5eae624a793b626.js?body=1" for ::1 at 2015-03-05 16:00:26 -0600


Started GET "/home" for ::1 at 2015-03-05 16:01:08 -0600
Processing by ApplicationController#home as HTML
  Rendered application/home.html.erb within layouts/application (16.4ms)
  Rendered layouts/_header.html.erb (0.1ms)
Completed 200 OK in 84ms (Views: 83.0ms | ActiveRecord: 0.0ms)


Started GET "/assets/jquery-87424c3c19e96d4fb033c10ebe21ec40.js?body=1" for ::1 at 2015-03-05 16:01:08 -0600


Started GET "/assets/jquery_ujs-e27bd20a10d28155845a22d71ef94f2f.js?body=1" for ::1 at 2015-03-05 16:01:08 -0600


Started GET "/assets/application-5266d2988799ecc8fe6e81eaab412e7d.css?body=1" for ::1 at 2015-03-05 16:01:09 -0600


Started GET "/assets/turbolinks-f87b3583ca50adb0488b031297f5580d.js?body=1" for ::1 at 2015-03-05 16:01:09 -0600


Started GET "/assets/application-bc105cf26f847567b5eae624a793b626.js?body=1" for ::1 at 2015-03-05 16:01:09 -0600


Started GET "/home" for ::1 at 2015-03-05 16:02:03 -0600
Processing by ApplicationController#home as HTML
  Rendered application/home.html.erb within layouts/application (13.4ms)
  Rendered layouts/_header.html.erb (0.1ms)
Completed 200 OK in 379ms (Views: 377.6ms | ActiveRecord: 0.0ms)


Started GET "/assets/jquery-87424c3c19e96d4fb033c10ebe21ec40.js?body=1" for ::1 at 2015-03-05 16:02:03 -0600


Started GET "/assets/jquery_ujs-e27bd20a10d28155845a22d71ef94f2f.js?body=1" for ::1 at 2015-03-05 16:02:03 -0600


Started GET "/assets/turbolinks-f87b3583ca50adb0488b031297f5580d.js?body=1" for ::1 at 2015-03-05 16:02:03 -0600


Started GET "/assets/application-bc105cf26f847567b5eae624a793b626.js?body=1" for ::1 at 2015-03-05 16:02:03 -0600


Started GET "/assets/application-5266d2988799ecc8fe6e81eaab412e7d.css?body=1" for ::1 at 2015-03-05 16:02:04 -0600


Started GET "/home" for ::1 at 2015-03-05 16:02:12 -0600
Processing by ApplicationController#home as HTML
  Rendered application/home.html.erb within layouts/application (1.1ms)
  Rendered layouts/_header.html.erb (0.1ms)
Completed 200 OK in 72ms (Views: 71.6ms | ActiveRecord: 0.0ms)


Started GET "/assets/application-5266d2988799ecc8fe6e81eaab412e7d.css?body=1" for ::1 at 2015-03-05 16:02:12 -0600


Started GET "/assets/jquery-87424c3c19e96d4fb033c10ebe21ec40.js?body=1" for ::1 at 2015-03-05 16:02:12 -0600


Started GET "/assets/jquery_ujs-e27bd20a10d28155845a22d71ef94f2f.js?body=1" for ::1 at 2015-03-05 16:02:12 -0600


Started GET "/assets/turbolinks-f87b3583ca50adb0488b031297f5580d.js?body=1" for ::1 at 2015-03-05 16:02:12 -0600


Started GET "/assets/application-bc105cf26f847567b5eae624a793b626.js?body=1" for ::1 at 2015-03-05 16:02:12 -0600


Started GET "/home" for ::1 at 2015-03-05 16:46:24 -0600
Processing by ApplicationController#home as HTML
  Rendered application/home.html.erb within layouts/application (3.0ms)
  Rendered layouts/_header.html.erb (0.9ms)
Completed 200 OK in 194ms (Views: 170.9ms | ActiveRecord: 0.0ms)


Started GET "/assets/jquery-87424c3c19e96d4fb033c10ebe21ec40.js?body=1" for ::1 at 2015-03-05 16:46:25 -0600


Started GET "/assets/jquery_ujs-e27bd20a10d28155845a22d71ef94f2f.js?body=1" for ::1 at 2015-03-05 16:46:25 -0600


Started GET "/assets/application-bc105cf26f847567b5eae624a793b626.js?body=1" for ::1 at 2015-03-05 16:46:25 -0600


Started GET "/assets/turbolinks-f87b3583ca50adb0488b031297f5580d.js?body=1" for ::1 at 2015-03-05 16:46:25 -0600


Started GET "/assets/application-5266d2988799ecc8fe6e81eaab412e7d.css?body=1" for ::1 at 2015-03-05 16:46:25 -0600


Started GET "/" for ::1 at 2015-03-05 16:47:17 -0600
Processing by ApplicationController#home as HTML
  Rendered application/home.html.erb within layouts/application (0.1ms)
  Rendered layouts/_header.html.erb (0.1ms)
Completed 200 OK in 86ms (Views: 84.7ms | ActiveRecord: 0.0ms)


Started GET "/assets/jquery-87424c3c19e96d4fb033c10ebe21ec40.js?body=1" for ::1 at 2015-03-05 16:47:17 -0600


Started GET "/assets/jquery_ujs-e27bd20a10d28155845a22d71ef94f2f.js?body=1" for ::1 at 2015-03-05 16:47:17 -0600


Started GET "/assets/turbolinks-f87b3583ca50adb0488b031297f5580d.js?body=1" for ::1 at 2015-03-05 16:47:17 -0600


Started GET "/assets/application-bc105cf26f847567b5eae624a793b626.js?body=1" for ::1 at 2015-03-05 16:47:17 -0600


Started GET "/assets/application-5266d2988799ecc8fe6e81eaab412e7d.css?body=1" for ::1 at 2015-03-05 16:47:17 -0600


Started GET "/" for ::1 at 2015-03-05 16:47:19 -0600
Processing by ApplicationController#home as HTML
  Rendered application/home.html.erb within layouts/application (0.1ms)
  Rendered layouts/_header.html.erb (0.1ms)
Completed 200 OK in 74ms (Views: 73.3ms | ActiveRecord: 0.0ms)


Started GET "/assets/jquery-87424c3c19e96d4fb033c10ebe21ec40.js?body=1" for ::1 at 2015-03-05 16:47:19 -0600


Started GET "/assets/jquery_ujs-e27bd20a10d28155845a22d71ef94f2f.js?body=1" for ::1 at 2015-03-05 16:47:19 -0600


Started GET "/assets/turbolinks-f87b3583ca50adb0488b031297f5580d.js?body=1" for ::1 at 2015-03-05 16:47:19 -0600


Started GET "/assets/application-bc105cf26f847567b5eae624a793b626.js?body=1" for ::1 at 2015-03-05 16:47:19 -0600


Started GET "/assets/application-5266d2988799ecc8fe6e81eaab412e7d.css?body=1" for ::1 at 2015-03-05 16:47:19 -0600


Started GET "/home" for ::1 at 2015-03-05 16:54:58 -0600
Processing by ApplicationController#home as HTML
  Rendered application/home.html.erb within layouts/application (2.8ms)
  Rendered layouts/_header.html.erb (0.5ms)
Completed 200 OK in 201ms (Views: 178.3ms | ActiveRecord: 0.0ms)


Started GET "/assets/jquery-87424c3c19e96d4fb033c10ebe21ec40.js?body=1" for ::1 at 2015-03-05 16:54:59 -0600


Started GET "/assets/jquery_ujs-e27bd20a10d28155845a22d71ef94f2f.js?body=1" for ::1 at 2015-03-05 16:54:59 -0600


Started GET "/assets/application-bc105cf26f847567b5eae624a793b626.js?body=1" for ::1 at 2015-03-05 16:54:59 -0600


Started GET "/assets/turbolinks-f87b3583ca50adb0488b031297f5580d.js?body=1" for ::1 at 2015-03-05 16:54:59 -0600


Started GET "/assets/application-5266d2988799ecc8fe6e81eaab412e7d.css?body=1" for ::1 at 2015-03-05 16:54:59 -0600
